0:0:0:0:0:0:0:1 - - [27/Aug/2018:11:05:25 +0800] "POST /dhjs/bs/bussiness/v1/list HTTP/1.1" 200 94 "-" "PostmanRuntime/7.2.0"
0:0:0:0:0:0:0:1 - - [27/Aug/2018:11:05:41 +0800] "POST /dhjs/bs/bussiness/v1/list HTTP/1.1" 200 94 "-" "PostmanRuntime/7.2.0"
0:0:0:0:0:0:0:1 - - [27/Aug/2018:11:06:37 +0800] "POST /dhjs/bs/bussiness/v1/list HTTP/1.1" 200 94 "-" "PostmanRuntime/7.2.0"
0:0:0:0:0:0:0:1 - - [27/Aug/2018:11:08:15 +0800] "POST /dhjs/bs/bussiness/v1/list HTTP/1.1" 200 133 "-" "PostmanRuntime/7.2.0"
0:0:0:0:0:0:0:1 - - [27/Aug/2018:11:09:01 +0800] "POST /dhjs/bs/bussiness/v1/list HTTP/1.1" 200 133 "-" "PostmanRuntime/7.2.0"
0:0:0:0:0:0:0:1 - - [27/Aug/2018:15:05:03 +0800] "POST /dhjs/bs/bussiness/v1/info HTTP/1.1" 200 96 "-" "PostmanRuntime/7.2.0"
0:0:0:0:0:0:0:1 - - [27/Aug/2018:15:05:25 +0800] "POST /dhjs/bs/bussiness/v1/info HTTP/1.1" 200 96 "-" "PostmanRuntime/7.2.0"
0:0:0:0:0:0:0:1 - - [27/Aug/2018:15:05:43 +0800] "POST /dhjs/bs/bussiness/v1/info HTTP/1.1" 200 96 "-" "PostmanRuntime/7.2.0"
0:0:0:0:0:0:0:1 - - [27/Aug/2018:15:05:44 +0800] "POST /dhjs/bs/bussiness/v1/info HTTP/1.1" 200 96 "-" "PostmanRuntime/7.2.0"
0:0:0:0:0:0:0:1 - - [27/Aug/2018:15:05:45 +0800] "POST /dhjs/bs/bussiness/v1/info HTTP/1.1" 200 96 "-" "PostmanRuntime/7.2.0"
0:0:0:0:0:0:0:1 - - [27/Aug/2018:15:05:48 +0800] "GET /dhjs/bs/bussiness/v1/info HTTP/1.1" 200 96 "-" "PostmanRuntime/7.2.0"
0:0:0:0:0:0:0:1 - - [27/Aug/2018:15:05:49 +0800] "GET /dhjs/bs/bussiness/v1/info HTTP/1.1" 200 96 "-" "PostmanRuntime/7.2.0"
0:0:0:0:0:0:0:1 - - [27/Aug/2018:15:05:53 +0800] "POST /dhjs/bs/bussiness/v1/info HTTP/1.1" 200 96 "-" "PostmanRuntime/7.2.0"
0:0:0:0:0:0:0:1 - - [27/Aug/2018:15:10:32 +0800] "POST /dhjs/bs/bussiness/v1/list HTTP/1.1" 200 - "-" "PostmanRuntime/7.2.0"
0:0:0:0:0:0:0:1 - - [27/Aug/2018:15:12:25 +0800] "POST /dhjs/bs/bussiness/v1/info HTTP/1.1" 200 96 "-" "PostmanRuntime/7.2.0"
0:0:0:0:0:0:0:1 - - [27/Aug/2018:15:14:31 +0800] "POST /dhjs/bs/bussiness/v1/info HTTP/1.1" 200 96 "-" "PostmanRuntime/7.2.0"
0:0:0:0:0:0:0:1 - - [27/Aug/2018:15:14:37 +0800] "POST /dhjs/bs/bussiness/v1/info HTTP/1.1" 200 96 "-" "PostmanRuntime/7.2.0"
0:0:0:0:0:0:0:1 - - [27/Aug/2018:15:14:38 +0800] "POST /dhjs/bs/bussiness/v1/info HTTP/1.1" 200 96 "-" "PostmanRuntime/7.2.0"
0:0:0:0:0:0:0:1 - - [27/Aug/2018:15:25:09 +0800] "POST /dhjs/bs/bussiness/v1/list HTTP/1.1" 200 96 "-" "PostmanRuntime/7.2.0"
0:0:0:0:0:0:0:1 - - [27/Aug/2018:15:25:19 +0800] "POST /dhjs/bs/bussiness/v1/list HTTP/1.1" 200 96 "-" "PostmanRuntime/7.2.0"
0:0:0:0:0:0:0:1 - - [27/Aug/2018:15:59:07 +0800] "POST /dhjs/bs/bussiness/v1/list HTTP/1.1" 200 96 "-" "PostmanRuntime/7.2.0"
0:0:0:0:0:0:0:1 - - [27/Aug/2018:16:01:08 +0800] "POST /dhjs/bs/bussiness/v1/list HTTP/1.1" 200 133 "-" "PostmanRuntime/7.2.0"
0:0:0:0:0:0:0:1 - - [27/Aug/2018:17:03:18 +0800] "GET /dhjs/myApp/test HTTP/1.1" 200 78 "-" "Mozilla/5.0 (Windows NT 10.0; Win64; x64) AppleWebKit/537.36 (KHTML, like Gecko) Chrome/67.0.3396.99 Safari/537.36"
0:0:0:0:0:0:0:1 - - [27/Aug/2018:17:03:55 +0800] "POST /dhjs/myApp/test HTTP/1.1" 200 96 "-" "PostmanRuntime/7.2.0"
0:0:0:0:0:0:0:1 - - [27/Aug/2018:17:04:27 +0800] "GET /dhjs/myApp/test HTTP/1.1" 500 244 "-" "PostmanRuntime/7.2.0"
0:0:0:0:0:0:0:1 - - [27/Aug/2018:17:09:02 +0800] "GET /dhjs/myApp/test HTTP/1.1" 500 242 "-" "PostmanRuntime/7.2.0"
0:0:0:0:0:0:0:1 - - [27/Aug/2018:17:12:06 +0800] "GET /dhjs/myApp/test HTTP/1.1" 500 242 "-" "PostmanRuntime/7.2.0"
0:0:0:0:0:0:0:1 - - [27/Aug/2018:17:16:27 +0800] "GET /dhjs/myApp/test HTTP/1.1" 500 242 "-" "PostmanRuntime/7.2.0"
0:0:0:0:0:0:0:1 - - [27/Aug/2018:17:18:02 +0800] "GET /dhjs/myApp/test HTTP/1.1" 500 242 "-" "PostmanRuntime/7.2.0"
0:0:0:0:0:0:0:1 - - [27/Aug/2018:17:18:05 +0800] "GET /dhjs/myApp/test HTTP/1.1" 500 242 "-" "PostmanRuntime/7.2.0"
0:0:0:0:0:0:0:1 - - [27/Aug/2018:17:18:06 +0800] "GET /dhjs/myApp/test HTTP/1.1" 500 242 "-" "PostmanRuntime/7.2.0"
0:0:0:0:0:0:0:1 - - [27/Aug/2018:17:18:06 +0800] "GET /dhjs/myApp/test HTTP/1.1" 500 242 "-" "PostmanRuntime/7.2.0"
0:0:0:0:0:0:0:1 - - [27/Aug/2018:17:18:06 +0800] "GET /dhjs/myApp/test HTTP/1.1" 500 242 "-" "PostmanRuntime/7.2.0"
0:0:0:0:0:0:0:1 - - [27/Aug/2018:17:18:07 +0800] "GET /dhjs/myApp/test HTTP/1.1" 500 242 "-" "PostmanRuntime/7.2.0"
0:0:0:0:0:0:0:1 - - [27/Aug/2018:17:22:21 +0800] "GET /dhjs/myApp/test HTTP/1.1" 500 236 "-" "PostmanRuntime/7.2.0"
